Disabling updates already done
Discord 0.0.32
[5:1025/123315.550396:ERROR:bus.cc(399)] Failed to connect to the bus: Failed to connect to socket /run/dbus/system_bus_socket: No such file or directory
[5:1025/123315.550438:ERROR:bus.cc(399)] Failed to connect to the bus: Failed to connect to socket /run/dbus/system_bus_socket: No such file or directory
Starting app.
Starting updater.
2023-10-25T16:33:15.569Z [Modules] Modules initializing
2023-10-25T16:33:15.570Z [Modules] Distribution: remote
2023-10-25T16:33:15.570Z [Modules] Host updates: disabled
2023-10-25T16:33:15.570Z [Modules] Module updates: enabled
2023-10-25T16:33:15.570Z [Modules] Module install path: /home/witch/.var/app/com.discordapp.Discord/config/discord/0.0.32/modules
2023-10-25T16:33:15.570Z [Modules] Module installed file path: /home/witch/.var/app/com.discordapp.Discord/config/discord/0.0.32/modules/installed.json
2023-10-25T16:33:15.570Z [Modules] Module download path: /home/witch/.var/app/com.discordapp.Discord/config/discord/0.0.32/modules/pending
splashScreen.initSplash(false)
blackbox: 2023-10-25T16:33:15.583Z 0 

----------------------------------------------
blackbox: 2023-10-25T16:33:15.596Z 1 Discord starting: {"releaseChannel":"stable","version":"0.0.32"}, modulepath: /home/witch/.var/app/com.discordapp.Discord/config/discord/0.0.32/modules
blackbox: 2023-10-25T16:33:15.599Z 2 ✅ webContents.created web1 ""
blackbox: 2023-10-25T16:33:15.600Z 3 ✅ window.created win1 "discord"
libva error: vaGetDriverNameByIndex() failed with unknown libva error, driver_name = (null)
splashScreen: SPLASH_SCREEN_READY
splashScreen.webContentsSend: SPLASH_SCREEN_QUOTE SPLASH_SCREEN_QUOTE [ 'Hold Tight — Loading Discord' ]
2023-10-25T16:33:15.681Z [Modules] No updates to install
splashScreen: no-pending-updates
2023-10-25T16:33:15.681Z [Modules] Host is up to date.
2023-10-25T16:33:15.681Z [Modules] Checking for module updates at https://discord.com/api/modules/stable/versions.json
splashScreen: checking-for-updates
splashScreen.updateSplashState checking-for-updates checking-for-updates {}
splashScreen.webContentsSend: SPLASH_UPDATE_STATE SPLASH_UPDATE_STATE [ { status: 'checking-for-updates' } ]
[55:1025/123315.741290:ERROR:shared_image_factory.cc(575)] Could not find SharedImageBackingFactory with params: usage: Gles2|Raster|DisplayRead|Scanout, format: BGRA_8888, share_between_threads: 0, gmb_type: shared_memory
[55:1025/123315.741391:ERROR:shared_image_factory.cc(575)] Could not find SharedImageBackingFactory with params: usage: Gles2|Raster|DisplayRead|Scanout, format: BGRA_8888, share_between_threads: 0, gmb_type: shared_memory
[55:1025/123315.741443:ERROR:shared_image_factory.cc(575)] Could not find SharedImageBackingFactory with params: usage: Gles2|Raster|DisplayRead|Scanout, format: BGRA_8888, share_between_threads: 0, gmb_type: shared_memory
[55:1025/123315.741494:ERROR:shared_image_factory.cc(575)] Could not find SharedImageBackingFactory with params: usage: Gles2|Raster|DisplayRead|Scanout, format: BGRA_8888, share_between_threads: 0, gmb_type: shared_memory
[55:1025/123315.741679:ERROR:shared_image_factory.cc(575)] Could not find SharedImageBackingFactory with params: usage: Gles2|Raster|DisplayRead|Scanout, format: BGRA_8888, share_between_threads: 0, gmb_type: shared_memory
blackbox: 2023-10-25T16:33:15.741Z 4 ✅ webContents.did-finish-load web1
[55:1025/123315.765699:ERROR:shared_image_factory.cc(575)] Could not find SharedImageBackingFactory with params: usage: Gles2|Raster|DisplayRead|Scanout, format: BGRA_8888, share_between_threads: 0, gmb_type: shared_memory
[55:1025/123315.766438:ERROR:shared_image_factory.cc(575)] Could not find SharedImageBackingFactory with params: usage: Gles2|Raster|DisplayRead|Scanout, format: BGRA_8888, share_between_threads: 0, gmb_type: shared_memory
2023-10-25T16:33:15.830Z [Modules] No module updates available.
splashScreen: update-check-finished true 0 false
splashScreen.launchMainWindow: false
Optional module ./ElectronTestRpc was not included.
splashScreen.updateSplashState launching launching {}
splashScreen.webContentsSend: SPLASH_UPDATE_STATE SPLASH_UPDATE_STATE [ { status: 'launching' } ]
[5:1025/123315.887798:ERROR:bus.cc(399)] Failed to connect to the bus: Failed to connect to socket /run/dbus/system_bus_socket: No such file or directory
[5:1025/123315.887848:ERROR:bus.cc(399)] Failed to connect to the bus: Failed to connect to socket /run/dbus/system_bus_socket: No such file or directory
[5:1025/123315.887880:ERROR:bus.cc(399)] Failed to connect to the bus: Failed to connect to socket /run/dbus/system_bus_socket: No such file or directory
blackbox: 2023-10-25T16:33:15.887Z 5 ✅ webContents.created web2 ""
blackbox: 2023-10-25T16:33:15.893Z 6 ✅ window.created win2 "Discord"
legacyModuleUpdater: installed-module discord_krisp 1 1 true
legacyModuleUpdater: installed-module discord_game_utils 1 1 true
mainScreen.UpdaterEvents: UPDATER_HISTORY_QUERY_AND_TRUNCATE
mainScreen.UpdaterEvents: UPDATER_HISTORY_QUERY_AND_TRUNCATE
WEIGHT /home/witch/.var/app/com.discordapp.Discord/config/discord/0.0.32/modules/discord_krisp/NC_small_8k.thw
WEIGHT /home/witch/.var/app/com.discordapp.Discord/config/discord/0.0.32/modules/discord_krisp/NC_small_16k.thw
WEIGHT /home/witch/.var/app/com.discordapp.Discord/config/discord/0.0.32/modules/discord_krisp/c6.f.s.ced125.thw
WEIGHT /home/witch/.var/app/com.discordapp.Discord/config/discord/0.0.32/modules/discord_krisp/VAD_weight.thw
mainScreen.UpdaterEvents: UPDATER_HISTORY_QUERY_AND_TRUNCATE
mainScreen.UpdaterEvents: CHECK_FOR_UPDATES UPDATE_NOT_AVAILABLE
2023-10-25T16:33:17.320Z [Modules] Host is up to date.
2023-10-25T16:33:17.320Z [Modules] Checking for module updates at https://discord.com/api/modules/stable/versions.json
2023-10-25T16:33:17.322Z [Modules] No module updates available.
legacyModuleUpdater: update-check-finished
legacyModuleUpdater: installed-module discord_rpc 1 1 true
mainScreen.on(did-finish-load) false false
splashScreen.pageReady
blackbox: 2023-10-25T16:33:17.411Z 7 ✅ webContents.did-finish-load web2
mainScreen.UpdaterEvents: UPDATER_HISTORY_QUERY_AND_TRUNCATE
blackbox: 2023-10-25T16:33:17.512Z 8 window.close win1
blackbox: 2023-10-25T16:33:17.516Z 9 webContents.destroyed web1
[55:1025/123317.517044:ERROR:shared_image_factory.cc(575)] Could not find SharedImageBackingFactory with params: usage: Gles2|Raster|DisplayRead|Scanout, format: BGRA_8888, share_between_threads: 0, gmb_type: shared_memory
[55:1025/123317.518240:ERROR:shared_image_factory.cc(575)] Could not find SharedImageBackingFactory with params: usage: Gles2|Raster|DisplayRead|Scanout, format: BGRA_8888, share_between_threads: 0, gmb_type: shared_memory
blackbox: 2023-10-25T16:33:17.518Z 10 window.closed win1
[55:1025/123317.519676:ERROR:shared_image_factory.cc(575)] Could not find SharedImageBackingFactory with params: usage: Gles2|Raster|DisplayRead|Scanout, format: BGRA_8888, share_between_threads: 0, gmb_type: shared_memory
[55:1025/123317.522767:ERROR:shared_image_factory.cc(575)] Could not find SharedImageBackingFactory with params: usage: Gles2|Raster|DisplayRead|Scanout, format: BGRA_8888, share_between_threads: 0, gmb_type: shared_memory
[55:1025/123317.522850:ERROR:shared_image_factory.cc(575)] Could not find SharedImageBackingFactory with params: usage: Gles2|Raster|DisplayRead|Scanout, format: BGRA_8888, share_between_threads: 0, gmb_type: shared_memory
[55:1025/123317.549031:ERROR:shared_image_factory.cc(575)] Could not find SharedImageBackingFactory with params: usage: Gles2|Raster|DisplayRead|Scanout, format: BGRA_8888, share_between_threads: 0, gmb_type: shared_memory
[55:1025/123317.549742:ERROR:shared_image_factory.cc(575)] Could not find SharedImageBackingFactory with params: usage: Gles2|Raster|DisplayRead|Scanout, format: BGRA_8888, share_between_threads: 0, gmb_type: shared_memory

(Discord:5): libnotify-WARNING **: 12:33:40.453: Running in confined mode, using Portal notifications. Some features and hints won't be supported
legacyModuleUpdater: installed-module discord_spellcheck 1 1 true
mainScreen.UpdaterEvents: UPDATER_HISTORY_QUERY_AND_TRUNCATE
[55:1025/123532.293458:ERROR:shared_image_factory.cc(575)] Could not find SharedImageBackingFactory with params: usage: Gles2|Raster|DisplayRead|Scanout, format: RED_8, share_between_threads: 0, gmb_type: shared_memory
[55:1025/123532.293555:ERROR:shared_image_factory.cc(575)] Could not find SharedImageBackingFactory with params: usage: Gles2|Raster|DisplayRead|Scanout, format: RG_88, share_between_threads: 0, gmb_type: shared_memory
[55:1025/123532.294199:ERROR:shared_image_factory.cc(575)] Could not find SharedImageBackingFactory with params: usage: Gles2|Raster|DisplayRead|Scanout, format: RED_8, share_between_threads: 0, gmb_type: shared_memory
[55:1025/123532.294261:ERROR:shared_image_factory.cc(575)] Could not find SharedImageBackingFactory with params: usage: Gles2|Raster|DisplayRead|Scanout, format: RG_88, share_between_threads: 0, gmb_type: shared_memory
[55:1025/123532.294920:ERROR:shared_image_factory.cc(575)] Could not find SharedImageBackingFactory with params: usage: Gles2|Raster|DisplayRead|Scanout, format: RED_8, share_between_threads: 0, gmb_type: shared_memory
[55:1025/123532.294980:ERROR:shared_image_factory.cc(575)] Could not find SharedImageBackingFactory with params: usage: Gles2|Raster|DisplayRead|Scanout, format: RG_88, share_between_threads: 0, gmb_type: shared_memory
[55:1025/123532.295523:ERROR:shared_image_factory.cc(575)] Could not find SharedImageBackingFactory with params: usage: Gles2|Raster|DisplayRead|Scanout, format: RED_8, share_between_threads: 0, gmb_type: shared_memory
[55:1025/123532.295582:ERROR:shared_image_factory.cc(575)] Could not find SharedImageBackingFactory with params: usage: Gles2|Raster|DisplayRead|Scanout, format: RG_88, share_between_threads: 0, gmb_type: shared_memory
[55:1025/123532.296106:ERROR:shared_image_factory.cc(575)] Could not find SharedImageBackingFactory with params: usage: Gles2|Raster|DisplayRead|Scanout, format: RED_8, share_between_threads: 0, gmb_type: shared_memory
[55:1025/123532.296167:ERROR:shared_image_factory.cc(575)] Could not find SharedImageBackingFactory with params: usage: Gles2|Raster|DisplayRead|Scanout, format: RG_88, share_between_threads: 0, gmb_type: shared_memory
[55:1025/123532.328934:ERROR:shared_image_factory.cc(575)] Could not find SharedImageBackingFactory with params: usage: Gles2|Raster|DisplayRead|Scanout, format: RED_8, share_between_threads: 0, gmb_type: shared_memory
[55:1025/123532.332436:ERROR:shared_image_factory.cc(575)] Could not find SharedImageBackingFactory with params: usage: Gles2|Raster|DisplayRead|Scanout, format: RG_88, share_between_threads: 0, gmb_type: shared_memory
[55:1025/123532.332493:ERROR:shared_image_factory.cc(575)] Could not find SharedImageBackingFactory with params: usage: Gles2|Raster|DisplayRead|Scanout, format: RED_8, share_between_threads: 0, gmb_type: shared_memory
[55:1025/123532.332545:ERROR:shared_image_factory.cc(575)] Could not find SharedImageBackingFactory with params: usage: Gles2|Raster|DisplayRead|Scanout, format: RG_88, share_between_threads: 0, gmb_type: shared_memory
[55:1025/123533.276025:ERROR:shared_image_factory.cc(575)] Could not find SharedImageBackingFactory with params: usage: Gles2|Raster|DisplayRead|Scanout, format: RED_8, share_between_threads: 0, gmb_type: shared_memory
[55:1025/123533.276116:ERROR:shared_image_factory.cc(575)] Could not find SharedImageBackingFactory with params: usage: Gles2|Raster|DisplayRead|Scanout, format: RG_88, share_between_threads: 0, gmb_type: shared_memory
[55:1025/123533.276536:ERROR:shared_image_factory.cc(575)] Could not find SharedImageBackingFactory with params: usage: Gles2|Raster|DisplayRead|Scanout, format: RED_8, share_between_threads: 0, gmb_type: shared_memory
[55:1025/123533.276582:ERROR:shared_image_factory.cc(575)] Could not find SharedImageBackingFactory with params: usage: Gles2|Raster|DisplayRead|Scanout, format: RG_88, share_between_threads: 0, gmb_type: shared_memory
[5:1025/125718.058817:ERROR:bus.cc(399)] Failed to connect to the bus: Failed to connect to socket /run/dbus/system_bus_socket: No such file or directory
[5:1025/125718.058840:ERROR:bus.cc(399)] Failed to connect to the bus: Failed to connect to socket /run/dbus/system_bus_socket: No such file or directory
[5:1025/125718.058868:ERROR:bus.cc(399)] Failed to connect to the bus: Failed to connect to socket /run/dbus/system_bus_socket: No such file or directory
[5:1025/125718.058883:ERROR:bus.cc(399)] Failed to connect to the bus: Failed to connect to socket /run/dbus/system_bus_socket: No such file or directory
[5:1025/125718.058896:ERROR:bus.cc(399)] Failed to connect to the bus: Failed to connect to socket /run/dbus/system_bus_socket: No such file or directory
[55:1025/125718.848419:ERROR:shared_image_factory.cc(575)] Could not find SharedImageBackingFactory with params: usage: Gles2|Raster|DisplayRead|Scanout, format: RED_8, share_between_threads: 0, gmb_type: shared_memory
[55:1025/125718.848514:ERROR:shared_image_factory.cc(575)] Could not find SharedImageBackingFactory with params: usage: Gles2|Raster|DisplayRead|Scanout, format: RG_88, share_between_threads: 0, gmb_type: shared_memory
[55:1025/125718.881535:ERROR:shared_image_factory.cc(575)] Could not find SharedImageBackingFactory with params: usage: Gles2|Raster|DisplayRead|Scanout, format: RED_8, share_between_threads: 0, gmb_type: shared_memory
[55:1025/125718.881620:ERROR:shared_image_factory.cc(575)] Could not find SharedImageBackingFactory with params: usage: Gles2|Raster|DisplayRead|Scanout, format: RG_88, share_between_threads: 0, gmb_type: shared_memory
[55:1025/125718.881727:ERROR:shared_image_factory.cc(575)] Could not find SharedImageBackingFactory with params: usage: Gles2|Raster|DisplayRead|Scanout, format: RED_8, share_between_threads: 0, gmb_type: shared_memory
[55:1025/125718.881799:ERROR:shared_image_factory.cc(575)] Could not find SharedImageBackingFactory with params: usage: Gles2|Raster|DisplayRead|Scanout, format: RG_88, share_between_threads: 0, gmb_type: shared_memory
[55:1025/125718.881855:ERROR:shared_image_factory.cc(575)] Could not find SharedImageBackingFactory with params: usage: Gles2|Raster|DisplayRead|Scanout, format: RED_8, share_between_threads: 0, gmb_type: shared_memory
[55:1025/125718.881905:ERROR:shared_image_factory.cc(575)] Could not find SharedImageBackingFactory with params: usage: Gles2|Raster|DisplayRead|Scanout, format: RG_88, share_between_threads: 0, gmb_type: shared_memory
[55:1025/125718.881954:ERROR:shared_image_factory.cc(575)] Could not find SharedImageBackingFactory with params: usage: Gles2|Raster|DisplayRead|Scanout, format: RED_8, share_between_threads: 0, gmb_type: shared_memory
[55:1025/125718.882006:ERROR:shared_image_factory.cc(575)] Could not find SharedImageBackingFactory with params: usage: Gles2|Raster|DisplayRead|Scanout, format: RG_88, share_between_threads: 0, gmb_type: shared_memory
[55:1025/125719.100868:ERROR:shared_image_factory.cc(575)] Could not find SharedImageBackingFactory with params: usage: Gles2|Raster|DisplayRead|Scanout, format: RED_8, share_between_threads: 0, gmb_type: shared_memory
[55:1025/125719.100962:ERROR:shared_image_factory.cc(575)] Could not find SharedImageBackingFactory with params: usage: Gles2|Raster|DisplayRead|Scanout, format: RG_88, share_between_threads: 0, gmb_type: shared_memory
[55:1025/125719.182263:ERROR:shared_image_factory.cc(575)] Could not find SharedImageBackingFactory with params: usage: Gles2|Raster|DisplayRead|Scanout, format: RED_8, share_between_threads: 0, gmb_type: shared_memory
[55:1025/125719.182336:ERROR:shared_image_factory.cc(575)] Could not find SharedImageBackingFactory with params: usage: Gles2|Raster|DisplayRead|Scanout, format: RG_88, share_between_threads: 0, gmb_type: shared_memory
mainScreen.UpdaterEvents: CHECK_FOR_UPDATES UPDATE_NOT_AVAILABLE
2023-10-25T17:33:17.324Z [Modules] Host is up to date.
2023-10-25T17:33:17.324Z [Modules] Checking for module updates at https://discord.com/api/modules/stable/versions.json
2023-10-25T17:33:17.419Z [Modules] No module updates available.
legacyModuleUpdater: update-check-finished
[55:1025/141331.967490:ERROR:shared_image_factory.cc(575)] Could not find SharedImageBackingFactory with params: usage: Gles2|Raster|DisplayRead|Scanout, format: RED_8, share_between_threads: 0, gmb_type: shared_memory
[55:1025/141331.967614:ERROR:shared_image_factory.cc(575)] Could not find SharedImageBackingFactory with params: usage: Gles2|Raster|DisplayRead|Scanout, format: RG_88, share_between_threads: 0, gmb_type: shared_memory
[55:1025/141331.971911:ERROR:shared_image_factory.cc(575)] Could not find SharedImageBackingFactory with params: usage: Gles2|Raster|DisplayRead|Scanout, format: RED_8, share_between_threads: 0, gmb_type: shared_memory
[55:1025/141331.972051:ERROR:shared_image_factory.cc(575)] Could not find SharedImageBackingFactory with params: usage: Gles2|Raster|DisplayRead|Scanout, format: RG_88, share_between_threads: 0, gmb_type: shared_memory
[55:1025/141331.978633:ERROR:shared_image_factory.cc(575)] Could not find SharedImageBackingFactory with params: usage: Gles2|Raster|DisplayRead|Scanout, format: RED_8, share_between_threads: 0, gmb_type: shared_memory
[55:1025/141331.978750:ERROR:shared_image_factory.cc(575)] Could not find SharedImageBackingFactory with params: usage: Gles2|Raster|DisplayRead|Scanout, format: RG_88, share_between_threads: 0, gmb_type: shared_memory
[55:1025/141331.981352:ERROR:shared_image_factory.cc(575)] Could not find SharedImageBackingFactory with params: usage: Gles2|Raster|DisplayRead|Scanout, format: RED_8, share_between_threads: 0, gmb_type: shared_memory
[55:1025/141331.981459:ERROR:shared_image_factory.cc(575)] Could not find SharedImageBackingFactory with params: usage: Gles2|Raster|DisplayRead|Scanout, format: RG_88, share_between_threads: 0, gmb_type: shared_memory
[55:1025/141331.983466:ERROR:shared_image_factory.cc(575)] Could not find SharedImageBackingFactory with params: usage: Gles2|Raster|DisplayRead|Scanout, format: RED_8, share_between_threads: 0, gmb_type: shared_memory
[55:1025/141331.983546:ERROR:shared_image_factory.cc(575)] Could not find SharedImageBackingFactory with params: usage: Gles2|Raster|DisplayRead|Scanout, format: RG_88, share_between_threads: 0, gmb_type: shared_memory
[55:1025/141332.079049:ERROR:shared_image_factory.cc(575)] Could not find SharedImageBackingFactory with params: usage: Gles2|Raster|DisplayRead|Scanout, format: RED_8, share_between_threads: 0, gmb_type: shared_memory
[55:1025/141332.079299:ERROR:shared_image_factory.cc(575)] Could not find SharedImageBackingFactory with params: usage: Gles2|Raster|DisplayRead|Scanout, format: RG_88, share_between_threads: 0, gmb_type: shared_memory
[55:1025/141332.125050:ERROR:shared_image_factory.cc(575)] Could not find SharedImageBackingFactory with params: usage: Gles2|Raster|DisplayRead|Scanout, format: RED_8, share_between_threads: 0, gmb_type: shared_memory
[55:1025/141332.125165:ERROR:shared_image_factory.cc(575)] Could not find SharedImageBackingFactory with params: usage: Gles2|Raster|DisplayRead|Scanout, format: RG_88, share_between_threads: 0, gmb_type: shared_memory
[55:1025/141334.620968:ERROR:shared_image_factory.cc(575)] Could not find SharedImageBackingFactory with params: usage: Gles2|Raster|DisplayRead|Scanout, format: RED_8, share_between_threads: 0, gmb_type: shared_memory
[55:1025/141334.621071:ERROR:shared_image_factory.cc(575)] Could not find SharedImageBackingFactory with params: usage: Gles2|Raster|DisplayRead|Scanout, format: RG_88, share_between_threads: 0, gmb_type: shared_memory
[55:1025/141341.018929:ERROR:shared_image_factory.cc(575)] Could not find SharedImageBackingFactory with params: usage: Gles2|Raster|DisplayRead|Scanout, format: RED_8, share_between_threads: 0, gmb_type: shared_memory
[55:1025/141341.019037:ERROR:shared_image_factory.cc(575)] Could not find SharedImageBackingFactory with params: usage: Gles2|Raster|DisplayRead|Scanout, format: RG_88, share_between_threads: 0, gmb_type: shared_memory
[55:1025/141344.717111:ERROR:shared_image_factory.cc(575)] Could not find SharedImageBackingFactory with params: usage: Gles2|Raster|DisplayRead|Scanout, format: RED_8, share_between_threads: 0, gmb_type: shared_memory
[55:1025/141344.717206:ERROR:shared_image_factory.cc(575)] Could not find SharedImageBackingFactory with params: usage: Gles2|Raster|DisplayRead|Scanout, format: RG_88, share_between_threads: 0, gmb_type: shared_memory
[55:1025/141915.971991:ERROR:shared_image_factory.cc(575)] Could not find SharedImageBackingFactory with params: usage: Gles2|Raster|DisplayRead|Scanout, format: RED_8, share_between_threads: 0, gmb_type: shared_memory
[55:1025/141915.972081:ERROR:shared_image_factory.cc(575)] Could not find SharedImageBackingFactory with params: usage: Gles2|Raster|DisplayRead|Scanout, format: RG_88, share_between_threads: 0, gmb_type: shared_memory
[55:1025/141915.972135:ERROR:shared_image_factory.cc(575)] Could not find SharedImageBackingFactory with params: usage: Gles2|Raster|DisplayRead|Scanout, format: RED_8, share_between_threads: 0, gmb_type: shared_memory
[55:1025/141915.972185:ERROR:shared_image_factory.cc(575)] Could not find SharedImageBackingFactory with params: usage: Gles2|Raster|DisplayRead|Scanout, format: RG_88, share_between_threads: 0, gmb_type: shared_memory
[55:1025/141915.972229:ERROR:shared_image_factory.cc(575)] Could not find SharedImageBackingFactory with params: usage: Gles2|Raster|DisplayRead|Scanout, format: RED_8, share_between_threads: 0, gmb_type: shared_memory
[55:1025/141915.972277:ERROR:shared_image_factory.cc(575)] Could not find SharedImageBackingFactory with params: usage: Gles2|Raster|DisplayRead|Scanout, format: RG_88, share_between_threads: 0, gmb_type: shared_memory
[55:1025/141915.972321:ERROR:shared_image_factory.cc(575)] Could not find SharedImageBackingFactory with params: usage: Gles2|Raster|DisplayRead|Scanout, format: RED_8, share_between_threads: 0, gmb_type: shared_memory
[55:1025/141915.972367:ERROR:shared_image_factory.cc(575)] Could not find SharedImageBackingFactory with params: usage: Gles2|Raster|DisplayRead|Scanout, format: RG_88, share_between_threads: 0, gmb_type: shared_memory
[55:1025/141915.972424:ERROR:shared_image_factory.cc(575)] Could not find SharedImageBackingFactory with params: usage: Gles2|Raster|DisplayRead|Scanout, format: RED_8, share_between_threads: 0, gmb_type: shared_memory
[55:1025/141915.972471:ERROR:shared_image_factory.cc(575)] Could not find SharedImageBackingFactory with params: usage: Gles2|Raster|DisplayRead|Scanout, format: RG_88, share_between_threads: 0, gmb_type: shared_memory
[55:1025/141916.135630:ERROR:shared_image_factory.cc(575)] Could not find SharedImageBackingFactory with params: usage: Gles2|Raster|DisplayRead|Scanout, format: RED_8, share_between_threads: 0, gmb_type: shared_memory
[55:1025/141916.135719:ERROR:shared_image_factory.cc(575)] Could not find SharedImageBackingFactory with params: usage: Gles2|Raster|DisplayRead|Scanout, format: RG_88, share_between_threads: 0, gmb_type: shared_memory
[55:1025/141929.734939:ERROR:shared_image_factory.cc(575)] Could not find SharedImageBackingFactory with params: usage: Gles2|Raster|DisplayRead|Scanout, format: RED_8, share_between_threads: 0, gmb_type: shared_memory
[55:1025/141929.768110:ERROR:shared_image_factory.cc(575)] Could not find SharedImageBackingFactory with params: usage: Gles2|Raster|DisplayRead|Scanout, format: RG_88, share_between_threads: 0, gmb_type: shared_memory
[55:1025/141946.684806:ERROR:shared_image_factory.cc(575)] Could not find SharedImageBackingFactory with params: usage: Gles2|Raster|DisplayRead|Scanout, format: RED_8, share_between_threads: 0, gmb_type: shared_memory
[55:1025/141946.684965:ERROR:shared_image_factory.cc(575)] Could not find SharedImageBackingFactory with params: usage: Gles2|Raster|DisplayRead|Scanout, format: RG_88, share_between_threads: 0, gmb_type: shared_memory
[55:1025/141946.701055:ERROR:shared_image_factory.cc(575)] Could not find SharedImageBackingFactory with params: usage: Gles2|Raster|DisplayRead|Scanout, format: RED_8, share_between_threads: 0, gmb_type: shared_memory
[55:1025/141946.701157:ERROR:shared_image_factory.cc(575)] Could not find SharedImageBackingFactory with params: usage: Gles2|Raster|DisplayRead|Scanout, format: RG_88, share_between_threads: 0, gmb_type: shared_memory
[55:1025/141946.717551:ERROR:shared_image_factory.cc(575)] Could not find SharedImageBackingFactory with params: usage: Gles2|Raster|DisplayRead|Scanout, format: RED_8, share_between_threads: 0, gmb_type: shared_memory
[55:1025/141946.717681:ERROR:shared_image_factory.cc(575)] Could not find SharedImageBackingFactory with params: usage: Gles2|Raster|DisplayRead|Scanout, format: RG_88, share_between_threads: 0, gmb_type: shared_memory
[55:1025/141946.751066:ERROR:shared_image_factory.cc(575)] Could not find SharedImageBackingFactory with params: usage: Gles2|Raster|DisplayRead|Scanout, format: RED_8, share_between_threads: 0, gmb_type: shared_memory
[55:1025/141946.751185:ERROR:shared_image_factory.cc(575)] Could not find SharedImageBackingFactory with params: usage: Gles2|Raster|DisplayRead|Scanout, format: RG_88, share_between_threads: 0, gmb_type: shared_memory
[55:1025/141946.751238:ERROR:shared_image_factory.cc(575)] Could not find SharedImageBackingFactory with params: usage: Gles2|Raster|DisplayRead|Scanout, format: RED_8, share_between_threads: 0, gmb_type: shared_memory
[55:1025/141946.751289:ERROR:shared_image_factory.cc(575)] Could not find SharedImageBackingFactory with params: usage: Gles2|Raster|DisplayRead|Scanout, format: RG_88, share_between_threads: 0, gmb_type: shared_memory
[55:1025/141946.751335:ERROR:shared_image_factory.cc(575)] Could not find SharedImageBackingFactory with params: usage: Gles2|Raster|DisplayRead|Scanout, format: RED_8, share_between_threads: 0, gmb_type: shared_memory
[55:1025/141946.751383:ERROR:shared_image_factory.cc(575)] Could not find SharedImageBackingFactory with params: usage: Gles2|Raster|DisplayRead|Scanout, format: RG_88, share_between_threads: 0, gmb_type: shared_memory
[55:1025/141949.591902:ERROR:shared_image_factory.cc(575)] Could not find SharedImageBackingFactory with params: usage: Gles2|Raster|DisplayRead|Scanout, format: RED_8, share_between_threads: 0, gmb_type: shared_memory
[55:1025/141949.592042:ERROR:shared_image_factory.cc(575)] Could not find SharedImageBackingFactory with params: usage: Gles2|Raster|DisplayRead|Scanout, format: RG_88, share_between_threads: 0, gmb_type: shared_memory
[55:1025/142010.600813:ERROR:shared_image_factory.cc(575)] Could not find SharedImageBackingFactory with params: usage: Gles2|Raster|DisplayRead|Scanout, format: RED_8, share_between_threads: 0, gmb_type: shared_memory
[55:1025/142010.600891:ERROR:shared_image_factory.cc(575)] Could not find SharedImageBackingFactory with params: usage: Gles2|Raster|DisplayRead|Scanout, format: RG_88, share_between_threads: 0, gmb_type: shared_memory
[55:1025/142022.653087:ERROR:shared_image_factory.cc(575)] Could not find SharedImageBackingFactory with params: usage: Gles2|Raster|DisplayRead|Scanout, format: RED_8, share_between_threads: 0, gmb_type: shared_memory
[55:1025/142022.653182:ERROR:shared_image_factory.cc(575)] Could not find SharedImageBackingFactory with params: usage: Gles2|Raster|DisplayRead|Scanout, format: RG_88, share_between_threads: 0, gmb_type: shared_memory
mainScreen.UpdaterEvents: CHECK_FOR_UPDATES UPDATE_NOT_AVAILABLE
2023-10-25T18:33:17.324Z [Modules] Host is up to date.
2023-10-25T18:33:17.324Z [Modules] Checking for module updates at https://discord.com/api/modules/stable/versions.json
2023-10-25T18:33:17.366Z [Modules] No module updates available.
legacyModuleUpdater: update-check-finished
[5:1025/144302.639969:ERROR:x11_drag_context.cc(150)] XConvertSelection failed for source-advertised target 658
[55:1025/153312.888928:ERROR:shared_image_factory.cc(575)] Could not find SharedImageBackingFactory with params: usage: Gles2|Raster|DisplayRead|Scanout, format: RED_8, share_between_threads: 0, gmb_type: shared_memory
[55:1025/153312.889037:ERROR:shared_image_factory.cc(575)] Could not find SharedImageBackingFactory with params: usage: Gles2|Raster|DisplayRead|Scanout, format: RG_88, share_between_threads: 0, gmb_type: shared_memory
[55:1025/153312.890628:ERROR:shared_image_factory.cc(575)] Could not find SharedImageBackingFactory with params: usage: Gles2|Raster|DisplayRead|Scanout, format: RED_8, share_between_threads: 0, gmb_type: shared_memory
[55:1025/153312.890722:ERROR:shared_image_factory.cc(575)] Could not find SharedImageBackingFactory with params: usage: Gles2|Raster|DisplayRead|Scanout, format: RG_88, share_between_threads: 0, gmb_type: shared_memory
[55:1025/153312.892473:ERROR:shared_image_factory.cc(575)] Could not find SharedImageBackingFactory with params: usage: Gles2|Raster|DisplayRead|Scanout, format: RED_8, share_between_threads: 0, gmb_type: shared_memory
[55:1025/153312.892537:ERROR:shared_image_factory.cc(575)] Could not find SharedImageBackingFactory with params: usage: Gles2|Raster|DisplayRead|Scanout, format: RG_88, share_between_threads: 0, gmb_type: shared_memory
[55:1025/153312.893581:ERROR:shared_image_factory.cc(575)] Could not find SharedImageBackingFactory with params: usage: Gles2|Raster|DisplayRead|Scanout, format: RED_8, share_between_threads: 0, gmb_type: shared_memory
[55:1025/153312.893652:ERROR:shared_image_factory.cc(575)] Could not find SharedImageBackingFactory with params: usage: Gles2|Raster|DisplayRead|Scanout, format: RG_88, share_between_threads: 0, gmb_type: shared_memory
[55:1025/153312.894940:ERROR:shared_image_factory.cc(575)] Could not find SharedImageBackingFactory with params: usage: Gles2|Raster|DisplayRead|Scanout, format: RED_8, share_between_threads: 0, gmb_type: shared_memory
[55:1025/153312.895016:ERROR:shared_image_factory.cc(575)] Could not find SharedImageBackingFactory with params: usage: Gles2|Raster|DisplayRead|Scanout, format: RG_88, share_between_threads: 0, gmb_type: shared_memory
[55:1025/153312.896609:ERROR:shared_image_factory.cc(575)] Could not find SharedImageBackingFactory with params: usage: Gles2|Raster|DisplayRead|Scanout, format: RED_8, share_between_threads: 0, gmb_type: shared_memory
[55:1025/153312.896680:ERROR:shared_image_factory.cc(575)] Could not find SharedImageBackingFactory with params: usage: Gles2|Raster|DisplayRead|Scanout, format: RG_88, share_between_threads: 0, gmb_type: shared_memory
[55:1025/153313.003641:ERROR:shared_image_factory.cc(575)] Could not find SharedImageBackingFactory with params: usage: Gles2|Raster|DisplayRead|Scanout, format: RED_8, share_between_threads: 0, gmb_type: shared_memory
[55:1025/153313.003723:ERROR:shared_image_factory.cc(575)] Could not find SharedImageBackingFactory with params: usage: Gles2|Raster|DisplayRead|Scanout, format: RG_88, share_between_threads: 0, gmb_type: shared_memory
mainScreen.UpdaterEvents: CHECK_FOR_UPDATES UPDATE_NOT_AVAILABLE
2023-10-25T19:33:17.324Z [Modules] Host is up to date.
2023-10-25T19:33:17.324Z [Modules] Checking for module updates at https://discord.com/api/modules/stable/versions.json
2023-10-25T19:33:17.364Z [Modules] No module updates available.
legacyModuleUpdater: update-check-finished
[55:1025/153329.871197:ERROR:shared_image_factory.cc(575)] Could not find SharedImageBackingFactory with params: usage: Gles2|Raster|DisplayRead|Scanout, format: RED_8, share_between_threads: 0, gmb_type: shared_memory
[55:1025/153329.871290:ERROR:shared_image_factory.cc(575)] Could not find SharedImageBackingFactory with params: usage: Gles2|Raster|DisplayRead|Scanout, format: RG_88, share_between_threads: 0, gmb_type: shared_memory
[55:1025/153341.256567:ERROR:shared_image_factory.cc(575)] Could not find SharedImageBackingFactory with params: usage: Gles2|Raster|DisplayRead|Scanout, format: RED_8, share_between_threads: 0, gmb_type: shared_memory
[55:1025/153341.256677:ERROR:shared_image_factory.cc(575)] Could not find SharedImageBackingFactory with params: usage: Gles2|Raster|DisplayRead|Scanout, format: RG_88, share_between_threads: 0, gmb_type: shared_memory
[55:1025/153359.410943:ERROR:shared_image_factory.cc(575)] Could not find SharedImageBackingFactory with params: usage: Gles2|Raster|DisplayRead|Scanout, format: RED_8, share_between_threads: 0, gmb_type: shared_memory
[55:1025/153359.411090:ERROR:shared_image_factory.cc(575)] Could not find SharedImageBackingFactory with params: usage: Gles2|Raster|DisplayRead|Scanout, format: RG_88, share_between_threads: 0, gmb_type: shared_memory
[55:1025/153359.415740:ERROR:shared_image_factory.cc(575)] Could not find SharedImageBackingFactory with params: usage: Gles2|Raster|DisplayRead|Scanout, format: RED_8, share_between_threads: 0, gmb_type: shared_memory
[55:1025/153359.415890:ERROR:shared_image_factory.cc(575)] Could not find SharedImageBackingFactory with params: usage: Gles2|Raster|DisplayRead|Scanout, format: RG_88, share_between_threads: 0, gmb_type: shared_memory
[55:1025/153359.417342:ERROR:shared_image_factory.cc(575)] Could not find SharedImageBackingFactory with params: usage: Gles2|Raster|DisplayRead|Scanout, format: RED_8, share_between_threads: 0, gmb_type: shared_memory
[55:1025/153359.417465:ERROR:shared_image_factory.cc(575)] Could not find SharedImageBackingFactory with params: usage: Gles2|Raster|DisplayRead|Scanout, format: RG_88, share_between_threads: 0, gmb_type: shared_memory
[55:1025/153359.421221:ERROR:shared_image_factory.cc(575)] Could not find SharedImageBackingFactory with params: usage: Gles2|Raster|DisplayRead|Scanout, format: RED_8, share_between_threads: 0, gmb_type: shared_memory
[55:1025/153359.421357:ERROR:shared_image_factory.cc(575)] Could not find SharedImageBackingFactory with params: usage: Gles2|Raster|DisplayRead|Scanout, format: RG_88, share_between_threads: 0, gmb_type: shared_memory
[55:1025/153359.422866:ERROR:shared_image_factory.cc(575)] Could not find SharedImageBackingFactory with params: usage: Gles2|Raster|DisplayRead|Scanout, format: RED_8, share_between_threads: 0, gmb_type: shared_memory
[55:1025/153359.423166:ERROR:shared_image_factory.cc(575)] Could not find SharedImageBackingFactory with params: usage: Gles2|Raster|DisplayRead|Scanout, format: RG_88, share_between_threads: 0, gmb_type: shared_memory
[55:1025/153359.450899:ERROR:shared_image_factory.cc(575)] Could not find SharedImageBackingFactory with params: usage: Gles2|Raster|DisplayRead|Scanout, format: RED_8, share_between_threads: 0, gmb_type: shared_memory
[55:1025/153359.451015:ERROR:shared_image_factory.cc(575)] Could not find SharedImageBackingFactory with params: usage: Gles2|Raster|DisplayRead|Scanout, format: RG_88, share_between_threads: 0, gmb_type: shared_memory
[55:1025/153359.517908:ERROR:shared_image_factory.cc(575)] Could not find SharedImageBackingFactory with params: usage: Gles2|Raster|DisplayRead|Scanout, format: RED_8, share_between_threads: 0, gmb_type: shared_memory
[55:1025/153359.517995:ERROR:shared_image_factory.cc(575)] Could not find SharedImageBackingFactory with params: usage: Gles2|Raster|DisplayRead|Scanout, format: RG_88, share_between_threads: 0, gmb_type: shared_memory
X connection to :0 broken (explicit kill or server shutdown).
X connection to :0 broken (explicit kill or server shutdown).
[1025/154948.819454:ERROR:scoped_ptrace_attach.cc(27)] ptrace: Operation not permitted (1)
